[debug] [2025-02-18T22:27:23.353Z] ----------------------------------------------------------------------
[debug] [2025-02-18T22:27:23.354Z] Command:       /Users/harisabdullahansari/.nvm/versions/node/v22.12.0/bin/node /Users/harisabdullahansari/.nvm/versions/node/v22.12.0/bin/firebase login
[debug] [2025-02-18T22:27:23.354Z] CLI Version:   13.31.1
[debug] [2025-02-18T22:27:23.354Z] Platform:      darwin
[debug] [2025-02-18T22:27:23.354Z] Node Version:  v22.12.0
[debug] [2025-02-18T22:27:23.354Z] Time:          Wed Feb 19 2025 01:27:23 GMT+0300 (GMT+03:00)
[debug] [2025-02-18T22:27:23.354Z] ----------------------------------------------------------------------
[debug] 
[debug] [2025-02-18T22:27:23.355Z] >>> [apiv2][query] GET https://firebase-public.firebaseio.com/cli.json [none]
[info] i  Firebase optionally collects CLI and Emulator Suite usage and error reporting information to help improve our products. Data is collected in accordance with Google's privacy policy (https://policies.google.com/privacy) and is not used to identify you.
 
[debug] [2025-02-18T22:27:23.816Z] <<< [apiv2][status] GET https://firebase-public.firebaseio.com/cli.json 200
[debug] [2025-02-18T22:27:23.817Z] <<< [apiv2][body] GET https://firebase-public.firebaseio.com/cli.json {"cloudBuildErrorAfter":1594252800000,"cloudBuildWarnAfter":1590019200000,"defaultNode10After":1594252800000,"minVersion":"3.0.5","node8DeploysDisabledAfter":1613390400000,"node8RuntimeDisabledAfter":1615809600000,"node8WarnAfter":1600128000000}
[warn] ⚠  Unable to fetch the CLI MOTD and remote config. This is not a fatal error, but may indicate an issue with your network connection. 
[debug] [2025-02-18T22:27:23.818Z] Failed to fetch MOTD Error: EACCES: permission denied, mkdir '/Users/harisabdullahansari/.config/configstore'
You don't have access to this file.

[debug] [2025-02-18T22:27:49.083Z] Error: EACCES: permission denied, mkdir '/Users/harisabdullahansari/.config/configstore'
You don't have access to this file.

    at Object.mkdirSync (node:fs:1363:26)
    at module.exports.sync (/Users/harisabdullahansari/.nvm/versions/node/v22.12.0/lib/node_modules/firebase-tools/node_modules/make-dir/index.js:114:6)
    at set all (/Users/harisabdullahansari/.nvm/versions/node/v22.12.0/lib/node_modules/firebase-tools/node_modules/configstore/index.js:59:12)
    at Configstore.set (/Users/harisabdullahansari/.nvm/versions/node/v22.12.0/lib/node_modules/firebase-tools/node_modules/configstore/index.js:91:12)
    at Command.actionFn (/Users/harisabdullahansari/.nvm/versions/node/v22.12.0/lib/node_modules/firebase-tools/lib/commands/login.js:36:35)
    at process.processTicksAndRejections (node:internal/process/task_queues:105:5)
[error] 
[error] Error: An unexpected error has occurred.
[debug] [2025-02-18T22:27:49.345Z] Error: EACCES: permission denied, mkdir '/Users/harisabdullahansari/.config/configstore'
You don't have access to this file.

    at Object.mkdirSync (node:fs:1363:26)
    at module.exports.sync (/Users/harisabdullahansari/.nvm/versions/node/v22.12.0/lib/node_modules/firebase-tools/node_modules/make-dir/index.js:114:6)
    at set all (/Users/harisabdullahansari/.nvm/versions/node/v22.12.0/lib/node_modules/firebase-tools/node_modules/configstore/index.js:59:12)
    at Configstore.set (/Users/harisabdullahansari/.nvm/versions/node/v22.12.0/lib/node_modules/firebase-tools/node_modules/configstore/index.js:91:12)
    at process.<anonymous> (/Users/harisabdullahansari/.nvm/versions/node/v22.12.0/lib/node_modules/firebase-tools/lib/bin/firebase.js:100:35)
    at process.emit (node:events:536:35)
    at process.emit (node:domain:489:12)
    at process.exit (node:internal/process/per_thread:182:15)
    at Timeout._onTimeout (/Users/harisabdullahansari/.nvm/versions/node/v22.12.0/lib/node_modules/firebase-tools/lib/errorOut.js:20:17)
    at listOnTimeout (node:internal/timers:594:17)
[error] 
[error] Error: An unexpected error has occurred.
[debug] [2025-02-18T22:28:00.567Z] ----------------------------------------------------------------------
[debug] [2025-02-18T22:28:00.569Z] Command:       /Users/harisabdullahansari/.nvm/versions/node/v22.12.0/bin/node /Users/harisabdullahansari/.nvm/versions/node/v22.12.0/bin/firebase login
[debug] [2025-02-18T22:28:00.569Z] CLI Version:   13.31.1
[debug] [2025-02-18T22:28:00.569Z] Platform:      darwin
[debug] [2025-02-18T22:28:00.569Z] Node Version:  v22.12.0
[debug] [2025-02-18T22:28:00.569Z] Time:          Wed Feb 19 2025 01:28:00 GMT+0300 (GMT+03:00)
[debug] [2025-02-18T22:28:00.569Z] ----------------------------------------------------------------------
[debug] 
[debug] [2025-02-18T22:28:00.570Z] >>> [apiv2][query] GET https://firebase-public.firebaseio.com/cli.json [none]
[info] i  Firebase optionally collects CLI and Emulator Suite usage and error reporting information to help improve our products. Data is collected in accordance with Google's privacy policy (https://policies.google.com/privacy) and is not used to identify you.
 
[debug] [2025-02-18T22:28:01.037Z] <<< [apiv2][status] GET https://firebase-public.firebaseio.com/cli.json 200
[debug] [2025-02-18T22:28:01.037Z] <<< [apiv2][body] GET https://firebase-public.firebaseio.com/cli.json {"cloudBuildErrorAfter":1594252800000,"cloudBuildWarnAfter":1590019200000,"defaultNode10After":1594252800000,"minVersion":"3.0.5","node8DeploysDisabledAfter":1613390400000,"node8RuntimeDisabledAfter":1615809600000,"node8WarnAfter":1600128000000}
[warn] ⚠  Unable to fetch the CLI MOTD and remote config. This is not a fatal error, but may indicate an issue with your network connection. 
[debug] [2025-02-18T22:28:01.038Z] Failed to fetch MOTD Error: EACCES: permission denied, mkdir '/Users/harisabdullahansari/.config/configstore'
You don't have access to this file.

